{
"contracts/Raffle.sol":{"l":{"73":3,"74":3,"75":3,"76":3,"77":3,"78":3,"79":3,"80":3,"85":5,"86":1,"88":4,"89":1,"91":3,"94":3,"115":1,"116":1,"117":1,"118":1,"119":1,"128":1,"129":1,"130":0,"136":1,"137":1,"144":1,"154":0,"155":0,"156":0,"157":0,"158":0,"159":0,"160":0,"162":0,"163":0,"165":0,"170":5,"174":1,"178":0,"182":1,"186":0,"190":0,"194":0,"198":0,"202":5},"path":"/home/ndw/hh-fcc/lesson9/hh-lottery/contracts/Raffle.sol","s":{"1":3,"2":3,"3":3,"4":3,"5":3,"6":3,"7":3,"8":3,"9":5,"10":4,"11":3,"12":3,"13":1,"14":1,"15":1,"16":1,"17":1,"18":1,"19":1,"20":1,"21":1,"22":1,"23":0,"24":0,"25":0,"26":0,"27":0,"28":0,"29":0,"30":0,"31":0,"32":5,"33":1,"34":0,"35":1,"36":0,"37":0,"38":0,"39":0,"40":5},"b":{"1":[1,4],"2":[1,3],"3":[0,1],"4":[0,0]},"f":{"1":3,"2":5,"3":1,"4":1,"5":0,"6":5,"7":1,"8":0,"9":1,"10":0,"11":0,"12":0,"13":0,"14":5},"fnMap":{"1":{"name":"constructor","line":72,"loc":{"start":{"line":65,"column":4},"end":{"line":81,"column":4}}},"2":{"name":"enterRaffle","line":83,"loc":{"start":{"line":83,"column":4},"end":{"line":95,"column":4}}},"3":{"name":"checkUpkeep","line":105,"loc":{"start":{"line":105,"column":4},"end":{"line":120,"column":4}}},"4":{"name":"performUpkeep","line":122,"loc":{"start":{"line":122,"column":4},"end":{"line":145,"column":4}}},"5":{"name":"fulfillRandomWords","line":147,"loc":{"start":{"line":147,"column":4},"end":{"line":166,"column":4}}},"6":{"name":"getEntrenceFee","line":169,"loc":{"start":{"line":169,"column":4},"end":{"line":171,"column":4}}},"7":{"name":"getPlayer","line":173,"loc":{"start":{"line":173,"column":4},"end":{"line":175,"column":4}}},"8":{"name":"getRecentWinner","line":177,"loc":{"start":{"line":177,"column":4},"end":{"line":179,"column":4}}},"9":{"name":"getRaffleState","line":181,"loc":{"start":{"line":181,"column":4},"end":{"line":183,"column":4}}},"10":{"name":"getNumWords","line":185,"loc":{"start":{"line":185,"column":4},"end":{"line":187,"column":4}}},"11":{"name":"getNumberOfPlayers","line":189,"loc":{"start":{"line":189,"column":4},"end":{"line":191,"column":4}}},"12":{"name":"getLatestTimestamp","line":193,"loc":{"start":{"line":193,"column":4},"end":{"line":195,"column":4}}},"13":{"name":"getRequestConfirmation","line":197,"loc":{"start":{"line":197,"column":4},"end":{"line":199,"column":4}}},"14":{"name":"getInterval","line":201,"loc":{"start":{"line":201,"column":4},"end":{"line":203,"column":4}}}},"statementMap":{"1":{"start":{"line":73,"column":8},"end":{"line":73,"column":34}},"2":{"start":{"line":74,"column":8},"end":{"line":74,"column":69}},"3":{"start":{"line":75,"column":8},"end":{"line":75,"column":26}},"4":{"start":{"line":76,"column":8},"end":{"line":76,"column":40}},"5":{"start":{"line":77,"column":8},"end":{"line":77,"column":44}},"6":{"start":{"line":78,"column":8},"end":{"line":78,"column":39}},"7":{"start":{"line":79,"column":8},"end":{"line":79,"column":40}},"8":{"start":{"line":80,"column":8},"end":{"line":80,"column":28}},"9":{"start":{"line":85,"column":8},"end":{"line":85,"column":2822}},"10":{"start":{"line":88,"column":8},"end":{"line":88,"column":2916}},"11":{"start":{"line":91,"column":8},"end":{"line":91,"column":42}},"12":{"start":{"line":94,"column":8},"end":{"line":94,"column":36}},"13":{"start":{"line":115,"column":8},"end":{"line":115,"column":57}},"14":{"start":{"line":116,"column":8},"end":{"line":116,"column":74}},"15":{"start":{"line":117,"column":8},"end":{"line":117,"column":52}},"16":{"start":{"line":118,"column":8},"end":{"line":118,"column":51}},"17":{"start":{"line":119,"column":8},"end":{"line":119,"column":76}},"18":{"start":{"line":128,"column":8},"end":{"line":128,"column":47}},"19":{"start":{"line":129,"column":8},"end":{"line":129,"column":4395}},"20":{"start":{"line":136,"column":8},"end":{"line":136,"column":46}},"21":{"start":{"line":137,"column":8},"end":{"line":137,"column":4655}},"22":{"start":{"line":144,"column":8},"end":{"line":144,"column":45}},"23":{"start":{"line":154,"column":8},"end":{"line":154,"column":65}},"24":{"start":{"line":155,"column":8},"end":{"line":155,"column":63}},"25":{"start":{"line":156,"column":8},"end":{"line":156,"column":36}},"26":{"start":{"line":157,"column":8},"end":{"line":157,"column":39}},"27":{"start":{"line":158,"column":8},"end":{"line":158,"column":43}},"28":{"start":{"line":159,"column":8},"end":{"line":159,"column":40}},"29":{"start":{"line":160,"column":8},"end":{"line":160,"column":78}},"30":{"start":{"line":162,"column":8},"end":{"line":162,"column":5689}},"31":{"start":{"line":165,"column":8},"end":{"line":165,"column":39}},"32":{"start":{"line":170,"column":8},"end":{"line":170,"column":28}},"33":{"start":{"line":174,"column":8},"end":{"line":174,"column":31}},"34":{"start":{"line":178,"column":8},"end":{"line":178,"column":29}},"35":{"start":{"line":182,"column":8},"end":{"line":182,"column":28}},"36":{"start":{"line":186,"column":8},"end":{"line":186,"column":24}},"37":{"start":{"line":190,"column":8},"end":{"line":190,"column":31}},"38":{"start":{"line":194,"column":8},"end":{"line":194,"column":30}},"39":{"start":{"line":198,"column":8},"end":{"line":198,"column":36}},"40":{"start":{"line":202,"column":8},"end":{"line":202,"column":25}}},"branchMap":{"1":{"line":85,"type":"if","locations":[{"start":{"line":85,"column":8},"end":{"line":85,"column":8}},{"start":{"line":85,"column":8},"end":{"line":85,"column":8}}]},"2":{"line":88,"type":"if","locations":[{"start":{"line":88,"column":8},"end":{"line":88,"column":8}},{"start":{"line":88,"column":8},"end":{"line":88,"column":8}}]},"3":{"line":129,"type":"if","locations":[{"start":{"line":129,"column":8},"end":{"line":129,"column":8}},{"start":{"line":129,"column":8},"end":{"line":129,"column":8}}]},"4":{"line":162,"type":"if","locations":[{"start":{"line":162,"column":8},"end":{"line":162,"column":8}},{"start":{"line":162,"column":8},"end":{"line":162,"column":8}}]}}},
"contracts/test/VRFCoordinatorV2Mock.sol":{"l":{},"path":"/home/ndw/hh-fcc/lesson9/hh-lottery/contracts/test/VRFCoordinatorV2Mock.sol","s":{},"b":{},"f":{},"fnMap":{},"statementMap":{},"branchMap":{}}}
