TN:
SF:/home/ndw/hh-fcc/lesson9/hh-lottery/contracts/Raffle.sol
FN:72,constructor
FN:83,enterRaffle
FN:105,checkUpkeep
FN:122,performUpkeep
FN:147,fulfillRandomWords
FN:169,getEntrenceFee
FN:173,getPlayer
FN:177,getRecentWinner
FN:181,getRaffleState
FN:185,getNumWords
FN:189,getNumberOfPlayers
FN:193,getLatestTimestamp
FN:197,getRequestConfirmation
FN:201,getInterval
FNF:14
FNH:8
FNDA:3,constructor
FNDA:5,enterRaffle
FNDA:1,checkUpkeep
FNDA:1,performUpkeep
FNDA:0,fulfillRandomWords
FNDA:5,getEntrenceFee
FNDA:1,getPlayer
FNDA:0,getRecentWinner
FNDA:1,getRaffleState
FNDA:0,getNumWords
FNDA:0,getNumberOfPlayers
FNDA:0,getLatestTimestamp
FNDA:0,getRequestConfirmation
FNDA:5,getInterval
DA:73,3
DA:74,3
DA:75,3
DA:76,3
DA:77,3
DA:78,3
DA:79,3
DA:80,3
DA:85,5
DA:86,1
DA:88,4
DA:89,1
DA:91,3
DA:94,3
DA:115,1
DA:116,1
DA:117,1
DA:118,1
DA:119,1
DA:128,1
DA:129,1
DA:130,0
DA:136,1
DA:137,1
DA:144,1
DA:154,0
DA:155,0
DA:156,0
DA:157,0
DA:158,0
DA:159,0
DA:160,0
DA:162,0
DA:163,0
DA:165,0
DA:170,5
DA:174,1
DA:178,0
DA:182,1
DA:186,0
DA:190,0
DA:194,0
DA:198,0
DA:202,5
LF:44
LH:28
BRDA:85,1,0,1
BRDA:85,1,1,4
BRDA:88,2,0,1
BRDA:88,2,1,3
BRDA:129,3,0,0
BRDA:129,3,1,1
BRDA:162,4,0,0
BRDA:162,4,1,0
BRF:8
BRH:5
end_of_record
TN:
SF:/home/ndw/hh-fcc/lesson9/hh-lottery/contracts/test/VRFCoordinatorV2Mock.sol
FNF:0
FNH:0
LF:0
LH:0
BRF:0
BRH:0
end_of_record
